{"level":"info","message":"listening on port 3000...","timestamp":"2018-08-14T16:38:10.864Z"}
{"level":"info","message":"connected to mongodb://localhost/vidly_tests","timestamp":"2018-08-14T16:38:10.904Z"}
{"level":"info","message":"listening on port 3000...","timestamp":"2018-08-14T16:38:12.804Z"}
{"level":"info","message":"connected to mongodb://localhost/vidly_tests","timestamp":"2018-08-14T16:38:12.820Z"}
{"level":"info","message":"listening on port 3000...","timestamp":"2018-08-14T16:38:17.117Z"}
{"level":"info","message":"connected to mongodb://localhost/vidly_tests","timestamp":"2018-08-14T16:38:17.220Z"}
{"level":"info","message":"listening on port 3000...","timestamp":"2018-08-14T16:38:47.184Z"}
{"level":"info","message":"connected to mongodb://localhost/vidly_tests","timestamp":"2018-08-14T16:38:47.326Z"}
{"level":"info","message":"listening on port 3000...","timestamp":"2018-08-14T16:38:49.337Z"}
{"level":"info","message":"connected to mongodb://localhost/vidly_tests","timestamp":"2018-08-14T16:38:49.356Z"}
{"level":"info","message":"listening on port 3000...","timestamp":"2018-08-14T16:38:51.115Z"}
{"level":"info","message":"connected to mongodb://localhost/vidly_tests","timestamp":"2018-08-14T16:38:51.128Z"}
{"level":"info","message":"listening on port 3000...","timestamp":"2018-08-15T16:15:17.974Z"}
{"level":"info","message":"connected to mongodb://localhost/vidly_tests","timestamp":"2018-08-15T16:15:18.055Z"}
{"level":"info","message":"listening on port 3000...","timestamp":"2018-08-15T16:15:19.952Z"}
{"level":"info","message":"connected to mongodb://localhost/vidly_tests","timestamp":"2018-08-15T16:15:19.971Z"}
{"level":"info","message":"listening on port 3000...","timestamp":"2018-08-15T16:15:21.720Z"}
{"level":"info","message":"connected to mongodb://localhost/vidly_tests","timestamp":"2018-08-15T16:15:21.734Z"}
{"level":"info","message":"listening on port 3000...","timestamp":"2018-08-15T16:15:56.063Z"}
{"level":"info","message":"connected to mongodb://localhost/vidly_tests","timestamp":"2018-08-15T16:15:56.110Z"}
{"level":"info","message":"listening on port 3000...","timestamp":"2018-08-15T16:15:58.152Z"}
{"level":"info","message":"connected to mongodb://localhost/vidly_tests","timestamp":"2018-08-15T16:15:58.167Z"}
{"level":"info","message":"listening on port 3000...","timestamp":"2018-08-15T16:16:00.115Z"}
{"level":"info","message":"connected to mongodb://localhost/vidly_tests","timestamp":"2018-08-15T16:16:00.135Z"}
{"level":"info","message":"listening on port 3000...","timestamp":"2018-08-15T16:16:11.788Z"}
{"level":"info","message":"connected to mongodb://localhost/vidly_tests","timestamp":"2018-08-15T16:16:11.827Z"}
{"level":"info","message":"listening on port 3000...","timestamp":"2018-08-15T16:16:13.817Z"}
{"level":"info","message":"connected to mongodb://localhost/vidly_tests","timestamp":"2018-08-15T16:16:13.837Z"}
{"level":"info","message":"listening on port 3000...","timestamp":"2018-08-15T16:16:15.765Z"}
{"level":"info","message":"connected to mongodb://localhost/vidly_tests","timestamp":"2018-08-15T16:16:15.788Z"}
{"level":"info","message":"listening on port 3000...","timestamp":"2018-08-15T16:17:01.612Z"}
{"level":"info","message":"connected to mongodb://localhost/vidly_tests","timestamp":"2018-08-15T16:17:01.647Z"}
{"level":"info","message":"listening on port 3000...","timestamp":"2018-08-15T16:17:39.131Z"}
{"level":"info","message":"connected to mongodb://localhost/vidly_tests","timestamp":"2018-08-15T16:17:39.173Z"}
{"level":"info","message":"listening on port 3000...","timestamp":"2018-08-15T16:17:49.874Z"}
{"level":"info","message":"connected to mongodb://localhost/vidly_tests","timestamp":"2018-08-15T16:17:49.955Z"}
{"level":"info","message":"listening on port 3000...","timestamp":"2018-08-15T16:17:51.871Z"}
{"level":"info","message":"connected to mongodb://localhost/vidly_tests","timestamp":"2018-08-15T16:17:51.888Z"}
{"level":"info","message":"listening on port 3000...","timestamp":"2018-08-15T16:17:53.716Z"}
{"level":"info","message":"connected to mongodb://localhost/vidly_tests","timestamp":"2018-08-15T16:17:53.740Z"}
{"level":"info","message":"listening on port 3000...","timestamp":"2018-08-15T16:18:04.367Z"}
{"level":"info","message":"connected to mongodb://localhost/vidly_tests","timestamp":"2018-08-15T16:18:04.403Z"}
{"level":"info","message":"listening on port 3000...","timestamp":"2018-08-15T16:18:34.284Z"}
{"level":"info","message":"connected to mongodb://localhost/vidly_tests","timestamp":"2018-08-15T16:18:34.330Z"}
{"level":"info","message":"listening on port 3000...","timestamp":"2018-08-15T16:18:48.235Z"}
{"level":"info","message":"connected to mongodb://localhost/vidly_tests","timestamp":"2018-08-15T16:18:48.283Z"}
{"level":"info","message":"listening on port 3000...","timestamp":"2018-08-15T16:18:49.236Z"}
{"level":"info","message":"connected to mongodb://localhost/vidly","timestamp":"2018-08-15T16:18:49.290Z"}
{"level":"info","message":"listening on port 3000...","timestamp":"2018-08-15T16:22:21.039Z"}
{"level":"info","message":"connected to mongodb://localhost/vidly","timestamp":"2018-08-15T16:22:21.068Z"}
{"level":"info","message":"listening on port 3000...","timestamp":"2018-08-15T16:22:45.831Z"}
{"level":"info","message":"connected to mongodb://localhost/vidly_tests","timestamp":"2018-08-15T16:22:45.935Z"}
{"level":"error","timestamp":"2018-08-15T16:22:46.080Z"}
{"level":"info","message":"listening on port 3000...","timestamp":"2018-08-15T16:22:47.989Z"}
{"level":"info","message":"connected to mongodb://localhost/vidly_tests","timestamp":"2018-08-15T16:22:48.013Z"}
{"level":"info","message":"listening on port 3000...","timestamp":"2018-08-15T16:22:50.041Z"}
{"level":"info","message":"connected to mongodb://localhost/vidly_tests","timestamp":"2018-08-15T16:22:50.060Z"}
{"level":"info","message":"listening on port 3000...","timestamp":"2018-08-15T16:24:56.004Z"}
{"level":"info","message":"connected to mongodb://localhost/vidly_tests","timestamp":"2018-08-15T16:24:56.054Z"}
{"level":"error","timestamp":"2018-08-15T16:24:56.253Z"}
{"level":"info","message":"listening on port 3000...","timestamp":"2018-08-15T16:24:58.205Z"}
{"level":"info","message":"connected to mongodb://localhost/vidly_tests","timestamp":"2018-08-15T16:24:58.285Z"}
{"level":"info","message":"listening on port 3000...","timestamp":"2018-08-15T16:25:01.096Z"}
{"level":"info","message":"connected to mongodb://localhost/vidly_tests","timestamp":"2018-08-15T16:25:01.134Z"}
{"level":"info","message":"listening on port 3000...","timestamp":"2018-08-15T16:26:15.008Z"}
{"level":"info","message":"connected to mongodb://localhost/vidly_tests","timestamp":"2018-08-15T16:26:15.092Z"}
{"level":"error","timestamp":"2018-08-15T16:26:15.255Z"}
{"level":"info","message":"listening on port 3000...","timestamp":"2018-08-15T16:26:17.296Z"}
{"level":"info","message":"connected to mongodb://localhost/vidly_tests","timestamp":"2018-08-15T16:26:17.337Z"}
{"level":"info","message":"listening on port 3000...","timestamp":"2018-08-15T16:26:19.746Z"}
{"level":"info","message":"connected to mongodb://localhost/vidly_tests","timestamp":"2018-08-15T16:26:19.761Z"}
{"level":"info","message":"listening on port 3000...","timestamp":"2018-08-15T16:28:35.935Z"}
{"level":"info","message":"connected to mongodb://localhost/vidly_tests","timestamp":"2018-08-15T16:28:35.967Z"}
{"level":"error","timestamp":"2018-08-15T16:28:36.093Z"}
{"level":"info","message":"listening on port 3000...","timestamp":"2018-08-15T16:28:37.810Z"}
{"level":"info","message":"connected to mongodb://localhost/vidly_tests","timestamp":"2018-08-15T16:28:37.825Z"}
{"level":"info","message":"listening on port 3000...","timestamp":"2018-08-15T16:28:39.656Z"}
{"level":"info","message":"connected to mongodb://localhost/vidly_tests","timestamp":"2018-08-15T16:28:39.676Z"}
{"level":"info","message":"listening on port 3000...","timestamp":"2018-08-15T16:30:47.282Z"}
{"level":"info","message":"connected to mongodb://localhost/vidly_tests","timestamp":"2018-08-15T16:30:47.330Z"}
{"level":"info","message":"listening on port 3000...","timestamp":"2018-08-15T16:30:49.659Z"}
{"level":"info","message":"connected to mongodb://localhost/vidly_tests","timestamp":"2018-08-15T16:30:49.721Z"}
{"level":"info","message":"listening on port 3000...","timestamp":"2018-08-15T16:31:02.708Z"}
{"level":"info","message":"connected to mongodb://localhost/vidly_tests","timestamp":"2018-08-15T16:31:02.756Z"}
{"level":"info","message":"listening on port 3000...","timestamp":"2018-08-15T16:31:04.663Z"}
{"level":"info","message":"connected to mongodb://localhost/vidly_tests","timestamp":"2018-08-15T16:31:04.689Z"}
{"level":"info","message":"listening on port 3000...","timestamp":"2018-08-15T16:31:10.007Z"}
{"level":"info","message":"connected to mongodb://localhost/vidly_tests","timestamp":"2018-08-15T16:31:10.016Z"}
{"level":"error","timestamp":"2018-08-15T16:31:10.079Z"}
{"level":"info","message":"listening on port 3000...","timestamp":"2018-08-15T16:31:35.107Z"}
{"level":"info","message":"connected to mongodb://localhost/vidly_tests","timestamp":"2018-08-15T16:31:35.186Z"}
{"level":"error","timestamp":"2018-08-15T16:31:35.384Z"}
{"level":"error","timestamp":"2018-08-15T16:31:35.417Z"}
{"level":"info","message":"listening on port 3000...","timestamp":"2018-08-15T16:31:37.798Z"}
{"level":"info","message":"connected to mongodb://localhost/vidly_tests","timestamp":"2018-08-15T16:31:37.820Z"}
{"level":"info","message":"listening on port 3000...","timestamp":"2018-08-15T16:31:40.028Z"}
{"level":"info","message":"connected to mongodb://localhost/vidly_tests","timestamp":"2018-08-15T16:31:40.049Z"}
{"level":"info","message":"listening on port 3000...","timestamp":"2018-08-15T16:32:55.454Z"}
{"level":"info","message":"connected to mongodb://localhost/vidly_tests","timestamp":"2018-08-15T16:32:55.533Z"}
{"level":"error","timestamp":"2018-08-15T16:32:55.723Z"}
{"level":"error","timestamp":"2018-08-15T16:32:55.826Z"}
{"level":"info","message":"listening on port 3000...","timestamp":"2018-08-15T16:32:57.455Z"}
{"level":"info","message":"connected to mongodb://localhost/vidly_tests","timestamp":"2018-08-15T16:32:57.468Z"}
{"level":"info","message":"listening on port 3000...","timestamp":"2018-08-15T16:32:59.282Z"}
{"level":"info","message":"connected to mongodb://localhost/vidly_tests","timestamp":"2018-08-15T16:32:59.302Z"}
{"level":"info","message":"listening on port 3000...","timestamp":"2018-08-15T16:34:23.846Z"}
{"level":"info","message":"connected to mongodb://localhost/vidly_tests","timestamp":"2018-08-15T16:34:23.880Z"}
{"level":"error","timestamp":"2018-08-15T16:34:24.019Z"}
{"level":"info","message":"listening on port 3000...","timestamp":"2018-08-15T16:34:25.801Z"}
{"level":"info","message":"connected to mongodb://localhost/vidly_tests","timestamp":"2018-08-15T16:34:25.818Z"}
{"level":"info","message":"listening on port 3000...","timestamp":"2018-08-15T16:34:27.906Z"}
{"level":"info","message":"connected to mongodb://localhost/vidly_tests","timestamp":"2018-08-15T16:34:27.928Z"}
{"level":"info","message":"listening on port 3000...","timestamp":"2018-08-15T16:34:46.535Z"}
{"level":"info","message":"connected to mongodb://localhost/vidly_tests","timestamp":"2018-08-15T16:34:46.575Z"}
{"level":"error","timestamp":"2018-08-15T16:34:46.724Z"}
{"level":"info","message":"listening on port 3000...","timestamp":"2018-08-15T16:34:48.540Z"}
{"level":"info","message":"connected to mongodb://localhost/vidly_tests","timestamp":"2018-08-15T16:34:48.556Z"}
{"level":"info","message":"listening on port 3000...","timestamp":"2018-08-15T16:34:50.287Z"}
{"level":"info","message":"connected to mongodb://localhost/vidly_tests","timestamp":"2018-08-15T16:34:50.308Z"}
{"level":"info","message":"listening on port 3000...","timestamp":"2018-08-15T16:35:17.566Z"}
{"level":"info","message":"connected to mongodb://localhost/vidly_tests","timestamp":"2018-08-15T16:35:17.638Z"}
{"message":"Cannot read property 'returnDate' of null","stack":"TypeError: Cannot read property 'returnDate' of null\n    at Object.<anonymous>.router.post (/Users/jayvelasco/Documents/Work ITems/foreach/node course/vidly/routes/returns.js:19:13)","level":"error","timestamp":"2018-08-15T16:35:17.802Z"}
{"level":"error","timestamp":"2018-08-15T16:35:17.831Z"}
{"level":"info","message":"listening on port 3000...","timestamp":"2018-08-15T16:35:19.488Z"}
{"level":"info","message":"connected to mongodb://localhost/vidly_tests","timestamp":"2018-08-15T16:35:19.503Z"}
{"level":"info","message":"listening on port 3000...","timestamp":"2018-08-15T16:35:21.399Z"}
{"level":"info","message":"connected to mongodb://localhost/vidly_tests","timestamp":"2018-08-15T16:35:21.419Z"}
{"level":"info","message":"listening on port 3000...","timestamp":"2018-08-15T16:39:03.429Z"}
{"level":"info","message":"connected to mongodb://localhost/vidly_tests","timestamp":"2018-08-15T16:39:03.534Z"}
{"message":"Cannot read property 'returnDate' of null","stack":"TypeError: Cannot read property 'returnDate' of null\n    at Object.<anonymous>.router.post (/Users/jayvelasco/Documents/Work ITems/foreach/node course/vidly/routes/returns.js:19:13)","level":"error","timestamp":"2018-08-15T16:39:03.688Z"}
{"level":"error","timestamp":"2018-08-15T16:39:03.717Z"}
{"level":"info","message":"listening on port 3000...","timestamp":"2018-08-15T16:39:05.708Z"}
{"level":"info","message":"connected to mongodb://localhost/vidly_tests","timestamp":"2018-08-15T16:39:05.725Z"}
{"level":"info","message":"listening on port 3000...","timestamp":"2018-08-15T16:39:07.822Z"}
{"level":"info","message":"connected to mongodb://localhost/vidly_tests","timestamp":"2018-08-15T16:39:07.843Z"}
{"level":"info","message":"listening on port 3000...","timestamp":"2018-08-15T16:39:53.182Z"}
{"level":"info","message":"connected to mongodb://localhost/vidly_tests","timestamp":"2018-08-15T16:39:53.265Z"}
{"message":"Cannot read property 'returnDate' of null","stack":"TypeError: Cannot read property 'returnDate' of null\n    at Object.<anonymous>.router.post (/Users/jayvelasco/Documents/Work ITems/foreach/node course/vidly/routes/returns.js:19:13)","level":"error","timestamp":"2018-08-15T16:39:53.460Z"}
{"level":"error","timestamp":"2018-08-15T16:39:53.498Z"}
{"level":"error","timestamp":"2018-08-15T16:39:53.520Z"}
{"level":"info","message":"listening on port 3000...","timestamp":"2018-08-15T16:39:56.066Z"}
{"level":"info","message":"connected to mongodb://localhost/vidly_tests","timestamp":"2018-08-15T16:39:56.080Z"}
{"level":"info","message":"listening on port 3000...","timestamp":"2018-08-15T16:39:58.105Z"}
{"level":"info","message":"connected to mongodb://localhost/vidly_tests","timestamp":"2018-08-15T16:39:58.125Z"}
{"level":"info","message":"listening on port 3000...","timestamp":"2018-08-16T16:16:48.495Z"}
{"level":"info","message":"connected to mongodb://localhost/vidly_tests","timestamp":"2018-08-16T16:16:48.654Z"}
{"message":"Cannot read property 'returnDate' of null","stack":"TypeError: Cannot read property 'returnDate' of null\n    at Object.<anonymous>.router.post (/Users/jayvelasco/Documents/Work ITems/foreach/node course/vidly/routes/returns.js:19:13)","level":"error","timestamp":"2018-08-16T16:16:48.849Z"}
{"level":"error","timestamp":"2018-08-16T16:16:48.891Z"}
{"level":"error","timestamp":"2018-08-16T16:16:48.905Z"}
{"level":"info","message":"listening on port 3000...","timestamp":"2018-08-16T16:16:50.735Z"}
{"level":"info","message":"connected to mongodb://localhost/vidly_tests","timestamp":"2018-08-16T16:16:50.748Z"}
{"level":"info","message":"listening on port 3000...","timestamp":"2018-08-16T16:16:52.526Z"}
{"level":"info","message":"connected to mongodb://localhost/vidly_tests","timestamp":"2018-08-16T16:16:52.549Z"}
{"level":"info","message":"listening on port 3000...","timestamp":"2018-08-16T16:17:12.888Z"}
{"level":"info","message":"connected to mongodb://localhost/vidly_tests","timestamp":"2018-08-16T16:17:12.969Z"}
{"message":"Cannot read property 'returnDate' of null","stack":"TypeError: Cannot read property 'returnDate' of null\n    at Object.<anonymous>.router.post (/Users/jayvelasco/Documents/Work ITems/foreach/node course/vidly/routes/returns.js:19:13)","level":"error","timestamp":"2018-08-16T16:17:13.214Z"}
{"level":"error","timestamp":"2018-08-16T16:17:13.251Z"}
{"level":"info","message":"listening on port 3000...","timestamp":"2018-08-16T16:17:15.191Z"}
{"level":"info","message":"connected to mongodb://localhost/vidly_tests","timestamp":"2018-08-16T16:17:15.211Z"}
{"level":"info","message":"listening on port 3000...","timestamp":"2018-08-16T16:17:17.268Z"}
{"level":"info","message":"connected to mongodb://localhost/vidly_tests","timestamp":"2018-08-16T16:17:17.289Z"}
{"level":"info","message":"listening on port 3000...","timestamp":"2018-08-16T16:18:06.919Z"}
{"level":"info","message":"connected to mongodb://localhost/vidly_tests","timestamp":"2018-08-16T16:18:06.997Z"}
{"message":"Cannot read property 'returnDate' of null","stack":"TypeError: Cannot read property 'returnDate' of null\n    at Object.<anonymous>.router.post (/Users/jayvelasco/Documents/Work ITems/foreach/node course/vidly/routes/returns.js:19:13)","level":"error","timestamp":"2018-08-16T16:18:07.174Z"}
{"level":"error","timestamp":"2018-08-16T16:18:07.206Z"}
{"level":"info","message":"listening on port 3000...","timestamp":"2018-08-16T16:18:09.028Z"}
{"level":"info","message":"connected to mongodb://localhost/vidly_tests","timestamp":"2018-08-16T16:18:09.044Z"}
{"level":"info","message":"listening on port 3000...","timestamp":"2018-08-16T16:18:10.960Z"}
{"level":"info","message":"connected to mongodb://localhost/vidly_tests","timestamp":"2018-08-16T16:18:10.980Z"}
{"level":"info","message":"listening on port 3000...","timestamp":"2018-08-16T16:18:37.400Z"}
{"level":"info","message":"connected to mongodb://localhost/vidly_tests","timestamp":"2018-08-16T16:18:37.505Z"}
{"level":"info","message":"listening on port 3000...","timestamp":"2018-08-16T16:18:39.815Z"}
{"level":"info","message":"connected to mongodb://localhost/vidly_tests","timestamp":"2018-08-16T16:18:39.834Z"}
{"level":"info","message":"listening on port 3000...","timestamp":"2018-08-16T16:18:42.024Z"}
{"level":"info","message":"connected to mongodb://localhost/vidly_tests","timestamp":"2018-08-16T16:18:42.046Z"}
{"level":"info","message":"listening on port 3000...","timestamp":"2018-08-16T16:20:43.651Z"}
{"level":"info","message":"connected to mongodb://localhost/vidly_tests","timestamp":"2018-08-16T16:20:43.732Z"}
{"level":"info","message":"listening on port 3000...","timestamp":"2018-08-16T16:20:45.543Z"}
{"level":"info","message":"connected to mongodb://localhost/vidly_tests","timestamp":"2018-08-16T16:20:45.559Z"}
{"level":"info","message":"listening on port 3000...","timestamp":"2018-08-16T16:20:47.327Z"}
{"level":"info","message":"connected to mongodb://localhost/vidly_tests","timestamp":"2018-08-16T16:20:47.348Z"}
{"level":"info","message":"listening on port 3000...","timestamp":"2018-08-16T16:21:19.691Z"}
{"level":"info","message":"connected to mongodb://localhost/vidly_tests","timestamp":"2018-08-16T16:21:19.799Z"}
{"level":"info","message":"listening on port 3000...","timestamp":"2018-08-16T16:21:21.778Z"}
{"level":"info","message":"connected to mongodb://localhost/vidly_tests","timestamp":"2018-08-16T16:21:21.791Z"}
{"level":"info","message":"listening on port 3000...","timestamp":"2018-08-16T16:21:23.620Z"}
{"level":"info","message":"connected to mongodb://localhost/vidly_tests","timestamp":"2018-08-16T16:21:23.640Z"}
{"level":"info","message":"listening on port 3000...","timestamp":"2018-08-16T16:22:21.648Z"}
{"level":"info","message":"connected to mongodb://localhost/vidly_tests","timestamp":"2018-08-16T16:22:21.758Z"}
{"level":"info","message":"listening on port 3000...","timestamp":"2018-08-16T16:22:23.703Z"}
{"level":"info","message":"connected to mongodb://localhost/vidly_tests","timestamp":"2018-08-16T16:22:23.717Z"}
{"level":"info","message":"listening on port 3000...","timestamp":"2018-08-16T16:22:25.683Z"}
{"level":"info","message":"connected to mongodb://localhost/vidly_tests","timestamp":"2018-08-16T16:22:25.704Z"}
{"level":"info","message":"listening on port 3000...","timestamp":"2018-08-16T16:22:44.983Z"}
{"level":"info","message":"connected to mongodb://localhost/vidly_tests","timestamp":"2018-08-16T16:22:45.079Z"}
{"level":"info","message":"listening on port 3000...","timestamp":"2018-08-16T16:22:46.892Z"}
{"level":"info","message":"connected to mongodb://localhost/vidly_tests","timestamp":"2018-08-16T16:22:46.907Z"}
{"level":"info","message":"listening on port 3000...","timestamp":"2018-08-16T16:22:48.769Z"}
{"level":"info","message":"connected to mongodb://localhost/vidly_tests","timestamp":"2018-08-16T16:22:48.789Z"}
{"level":"info","message":"listening on port 3000...","timestamp":"2018-08-16T16:24:23.741Z"}
{"level":"info","message":"connected to mongodb://localhost/vidly_tests","timestamp":"2018-08-16T16:24:23.824Z"}
{"level":"info","message":"listening on port 3000...","timestamp":"2018-08-16T16:24:25.818Z"}
{"level":"info","message":"connected to mongodb://localhost/vidly_tests","timestamp":"2018-08-16T16:24:25.854Z"}
{"level":"info","message":"listening on port 3000...","timestamp":"2018-08-16T16:24:27.726Z"}
{"level":"info","message":"connected to mongodb://localhost/vidly_tests","timestamp":"2018-08-16T16:24:27.742Z"}
{"level":"info","message":"listening on port 3000...","timestamp":"2018-08-16T16:24:56.938Z"}
{"level":"info","message":"connected to mongodb://localhost/vidly_tests","timestamp":"2018-08-16T16:24:57.023Z"}
{"level":"info","message":"listening on port 3000...","timestamp":"2018-08-16T16:24:59.529Z"}
{"level":"info","message":"connected to mongodb://localhost/vidly_tests","timestamp":"2018-08-16T16:24:59.554Z"}
{"level":"info","message":"listening on port 3000...","timestamp":"2018-08-16T16:25:02.057Z"}
{"level":"info","message":"connected to mongodb://localhost/vidly_tests","timestamp":"2018-08-16T16:25:02.077Z"}
{"level":"info","message":"listening on port 3000...","timestamp":"2018-08-16T16:25:23.480Z"}
{"level":"info","message":"connected to mongodb://localhost/vidly_tests","timestamp":"2018-08-16T16:25:23.556Z"}
{"level":"info","message":"listening on port 3000...","timestamp":"2018-08-16T16:25:25.678Z"}
{"level":"info","message":"connected to mongodb://localhost/vidly_tests","timestamp":"2018-08-16T16:25:25.691Z"}
{"level":"info","message":"listening on port 3000...","timestamp":"2018-08-16T16:25:27.561Z"}
{"level":"info","message":"connected to mongodb://localhost/vidly_tests","timestamp":"2018-08-16T16:25:27.581Z"}
{"level":"info","message":"listening on port 3000...","timestamp":"2018-08-16T16:25:45.881Z"}
{"level":"info","message":"connected to mongodb://localhost/vidly_tests","timestamp":"2018-08-16T16:25:45.956Z"}
{"level":"info","message":"listening on port 3000...","timestamp":"2018-08-16T16:25:47.786Z"}
{"level":"info","message":"connected to mongodb://localhost/vidly_tests","timestamp":"2018-08-16T16:25:47.800Z"}
{"level":"info","message":"listening on port 3000...","timestamp":"2018-08-16T16:25:49.797Z"}
{"level":"info","message":"connected to mongodb://localhost/vidly_tests","timestamp":"2018-08-16T16:25:49.829Z"}
{"level":"info","message":"listening on port 3000...","timestamp":"2018-08-16T16:26:30.997Z"}
{"level":"info","message":"connected to mongodb://localhost/vidly_tests","timestamp":"2018-08-16T16:26:31.078Z"}
{"level":"info","message":"listening on port 3000...","timestamp":"2018-08-16T16:26:33.003Z"}
{"level":"info","message":"connected to mongodb://localhost/vidly_tests","timestamp":"2018-08-16T16:26:33.026Z"}
{"level":"info","message":"listening on port 3000...","timestamp":"2018-08-16T16:26:34.982Z"}
{"level":"info","message":"connected to mongodb://localhost/vidly_tests","timestamp":"2018-08-16T16:26:35.001Z"}
{"level":"info","message":"listening on port 3000...","timestamp":"2018-08-16T16:26:59.068Z"}
{"level":"info","message":"connected to mongodb://localhost/vidly_tests","timestamp":"2018-08-16T16:26:59.158Z"}
{"level":"info","message":"listening on port 3000...","timestamp":"2018-08-16T16:27:01.062Z"}
{"level":"info","message":"connected to mongodb://localhost/vidly_tests","timestamp":"2018-08-16T16:27:01.079Z"}
{"level":"info","message":"listening on port 3000...","timestamp":"2018-08-16T16:27:03.128Z"}
{"level":"info","message":"connected to mongodb://localhost/vidly_tests","timestamp":"2018-08-16T16:27:03.148Z"}
{"level":"info","message":"listening on port 3000...","timestamp":"2018-08-16T16:27:15.620Z"}
{"level":"info","message":"connected to mongodb://localhost/vidly_tests","timestamp":"2018-08-16T16:27:15.655Z"}
{"level":"info","message":"listening on port 3000...","timestamp":"2018-08-16T16:28:56.531Z"}
{"level":"info","message":"connected to mongodb://localhost/vidly_tests","timestamp":"2018-08-16T16:28:56.697Z"}
{"level":"info","message":"listening on port 3000...","timestamp":"2018-08-16T16:28:58.484Z"}
{"level":"info","message":"connected to mongodb://localhost/vidly_tests","timestamp":"2018-08-16T16:28:58.501Z"}
{"level":"info","message":"listening on port 3000...","timestamp":"2018-08-16T16:29:32.875Z"}
{"level":"info","message":"connected to mongodb://localhost/vidly_tests","timestamp":"2018-08-16T16:29:32.970Z"}
{"level":"info","message":"listening on port 3000...","timestamp":"2018-08-16T16:29:34.681Z"}
{"level":"info","message":"connected to mongodb://localhost/vidly_tests","timestamp":"2018-08-16T16:29:34.698Z"}
{"level":"info","message":"listening on port 3000...","timestamp":"2018-08-16T16:29:40.035Z"}
{"level":"info","message":"connected to mongodb://localhost/vidly_tests","timestamp":"2018-08-16T16:29:40.044Z"}
{"level":"info","message":"listening on port 3000...","timestamp":"2018-08-16T16:31:04.607Z"}
{"level":"info","message":"connected to mongodb://localhost/vidly_tests","timestamp":"2018-08-16T16:31:04.702Z"}
{"level":"info","message":"listening on port 3000...","timestamp":"2018-08-16T16:31:08.131Z"}
{"level":"info","message":"connected to mongodb://localhost/vidly_tests","timestamp":"2018-08-16T16:31:08.144Z"}
{"level":"info","message":"listening on port 3000...","timestamp":"2018-08-16T16:31:10.146Z"}
{"level":"info","message":"connected to mongodb://localhost/vidly_tests","timestamp":"2018-08-16T16:31:10.163Z"}
{"level":"info","message":"listening on port 3000...","timestamp":"2018-08-16T16:33:55.081Z"}
{"level":"info","message":"connected to mongodb://localhost/vidly_tests","timestamp":"2018-08-16T16:33:55.167Z"}
{"level":"info","message":"listening on port 3000...","timestamp":"2018-08-16T16:33:58.118Z"}
{"level":"info","message":"connected to mongodb://localhost/vidly_tests","timestamp":"2018-08-16T16:33:58.130Z"}
{"level":"info","message":"listening on port 3000...","timestamp":"2018-08-16T16:33:59.832Z"}
{"level":"info","message":"connected to mongodb://localhost/vidly_tests","timestamp":"2018-08-16T16:33:59.846Z"}
{"level":"info","message":"listening on port 3000...","timestamp":"2018-08-16T16:34:40.296Z"}
{"level":"info","message":"connected to mongodb://localhost/vidly_tests","timestamp":"2018-08-16T16:34:40.391Z"}
{"level":"info","message":"listening on port 3000...","timestamp":"2018-08-16T16:34:42.250Z"}
{"level":"info","message":"connected to mongodb://localhost/vidly_tests","timestamp":"2018-08-16T16:34:42.273Z"}
{"level":"info","message":"listening on port 3000...","timestamp":"2018-08-16T16:34:44.087Z"}
{"level":"info","message":"connected to mongodb://localhost/vidly_tests","timestamp":"2018-08-16T16:34:44.102Z"}
{"level":"info","message":"listening on port 3000...","timestamp":"2018-08-16T16:35:08.197Z"}
{"level":"info","message":"connected to mongodb://localhost/vidly_tests","timestamp":"2018-08-16T16:35:08.263Z"}
{"level":"info","message":"listening on port 3000...","timestamp":"2018-08-16T16:35:10.074Z"}
{"level":"info","message":"connected to mongodb://localhost/vidly_tests","timestamp":"2018-08-16T16:35:10.093Z"}
{"level":"info","message":"listening on port 3000...","timestamp":"2018-08-16T16:35:11.927Z"}
{"level":"info","message":"connected to mongodb://localhost/vidly_tests","timestamp":"2018-08-16T16:35:11.948Z"}
{"level":"info","message":"listening on port 3000...","timestamp":"2018-08-16T16:37:00.336Z"}
{"level":"info","message":"connected to mongodb://localhost/vidly_tests","timestamp":"2018-08-16T16:37:00.382Z"}
{"level":"info","message":"listening on port 3000...","timestamp":"2018-08-16T16:37:02.355Z"}
{"level":"info","message":"connected to mongodb://localhost/vidly_tests","timestamp":"2018-08-16T16:37:02.375Z"}
{"level":"info","message":"listening on port 3000...","timestamp":"2018-08-16T16:37:04.197Z"}
{"level":"info","message":"connected to mongodb://localhost/vidly_tests","timestamp":"2018-08-16T16:37:04.214Z"}
